0 info it worked if it ends with ok
1 verbose cli [ '/Users/dimitar.atanasov/.nvm/versions/node/v6.11.2/bin/node',
1 verbose cli   '/Users/dimitar.atanasov/.nvm/versions/node/v6.11.2/bin/npm',
1 verbose cli   'install',
1 verbose cli   'fortune-client',
1 verbose cli   '--save' ]
2 info using npm@3.10.10
3 info using node@v6.11.2
4 silly loadCurrentTree Starting
5 silly install loadCurrentTree
6 silly install readLocalPackageData
7 silly fetchPackageMetaData fortune-client
8 silly fetchNamedPackageData fortune-client
9 silly mapToRegistry name fortune-client
10 silly mapToRegistry using default registry
11 silly mapToRegistry registry https://registry.npmjs.org/
12 silly mapToRegistry data Result {
12 silly mapToRegistry   raw: 'fortune-client',
12 silly mapToRegistry   scope: null,
12 silly mapToRegistry   escapedName: 'fortune-client',
12 silly mapToRegistry   name: 'fortune-client',
12 silly mapToRegistry   rawSpec: '',
12 silly mapToRegistry   spec: 'latest',
12 silly mapToRegistry   type: 'tag' }
13 silly mapToRegistry uri https://registry.npmjs.org/fortune-client
14 verbose request uri https://registry.npmjs.org/fortune-client
15 verbose request no auth needed
16 info attempt registry request try #1 at 5:42:45 PM
17 verbose request id 9c953dd57160d06a
18 http request GET https://registry.npmjs.org/fortune-client
19 http 200 https://registry.npmjs.org/fortune-client
20 verbose headers { server: 'nginx/1.10.1',
20 verbose headers   'content-type': 'application/json',
20 verbose headers   'last-modified': 'Fri, 14 Nov 2014 15:50:05 GMT',
20 verbose headers   etag: 'W/"546624ad-1022"',
20 verbose headers   'content-encoding': 'gzip',
20 verbose headers   'cache-control': 'max-age=300',
20 verbose headers   'content-length': '1550',
20 verbose headers   'accept-ranges': 'bytes',
20 verbose headers   date: 'Mon, 18 Sep 2017 16:42:45 GMT',
20 verbose headers   via: '1.1 varnish',
20 verbose headers   age: '0',
20 verbose headers   connection: 'keep-alive',
20 verbose headers   'x-served-by': 'cache-lcy1133-LCY',
20 verbose headers   'x-cache': 'MISS',
20 verbose headers   'x-cache-hits': '0',
20 verbose headers   'x-timer': 'S1505752965.305258,VS0,VE50',
20 verbose headers   vary: 'Accept-Encoding, Accept' }
21 silly get cb [ 200,
21 silly get   { server: 'nginx/1.10.1',
21 silly get     'content-type': 'application/json',
21 silly get     'last-modified': 'Fri, 14 Nov 2014 15:50:05 GMT',
21 silly get     etag: 'W/"546624ad-1022"',
21 silly get     'content-encoding': 'gzip',
21 silly get     'cache-control': 'max-age=300',
21 silly get     'content-length': '1550',
21 silly get     'accept-ranges': 'bytes',
21 silly get     date: 'Mon, 18 Sep 2017 16:42:45 GMT',
21 silly get     via: '1.1 varnish',
21 silly get     age: '0',
21 silly get     connection: 'keep-alive',
21 silly get     'x-served-by': 'cache-lcy1133-LCY',
21 silly get     'x-cache': 'MISS',
21 silly get     'x-cache-hits': '0',
21 silly get     'x-timer': 'S1505752965.305258,VS0,VE50',
21 silly get     vary: 'Accept-Encoding, Accept' } ]
22 verbose get saving fortune-client to /Users/dimitar.atanasov/.npm/registry.npmjs.org/fortune-client/.cache.json
23 verbose correctMkdir /Users/dimitar.atanasov/.npm correctMkdir not in flight; initializing
24 silly install normalizeTree
25 silly loadCurrentTree Finishing
26 silly loadIdealTree Starting
27 silly install loadIdealTree
28 silly cloneCurrentTree Starting
29 silly install cloneCurrentTreeToIdealTree
30 silly cloneCurrentTree Finishing
31 silly loadShrinkwrap Starting
32 silly install loadShrinkwrap
33 silly loadShrinkwrap Finishing
34 silly loadAllDepsIntoIdealTree Starting
35 silly install loadAllDepsIntoIdealTree
36 silly rollbackFailedOptional Starting
37 silly rollbackFailedOptional Finishing
38 silly runTopLevelLifecycles Finishing
39 silly install printInstalled
40 verbose stack Error: Refusing to install fortune-client as a dependency of itself
40 verbose stack     at checkSelf (/Users/dimitar.atanasov/.nvm/versions/node/v6.11.2/lib/node_modules/npm/lib/install/validate-args.js:53:14)
40 verbose stack     at Array.<anonymous> (/Users/dimitar.atanasov/.nvm/versions/node/v6.11.2/lib/node_modules/npm/node_modules/slide/lib/bind-actor.js:15:8)
40 verbose stack     at LOOP (/Users/dimitar.atanasov/.nvm/versions/node/v6.11.2/lib/node_modules/npm/node_modules/slide/lib/chain.js:15:14)
40 verbose stack     at chain (/Users/dimitar.atanasov/.nvm/versions/node/v6.11.2/lib/node_modules/npm/node_modules/slide/lib/chain.js:20:5)
40 verbose stack     at /Users/dimitar.atanasov/.nvm/versions/node/v6.11.2/lib/node_modules/npm/lib/install/validate-args.js:16:5
40 verbose stack     at /Users/dimitar.atanasov/.nvm/versions/node/v6.11.2/lib/node_modules/npm/node_modules/slide/lib/async-map.js:52:35
40 verbose stack     at Array.forEach (native)
40 verbose stack     at /Users/dimitar.atanasov/.nvm/versions/node/v6.11.2/lib/node_modules/npm/node_modules/slide/lib/async-map.js:52:11
40 verbose stack     at Array.forEach (native)
40 verbose stack     at asyncMap (/Users/dimitar.atanasov/.nvm/versions/node/v6.11.2/lib/node_modules/npm/node_modules/slide/lib/async-map.js:51:8)
41 verbose cwd /Users/dimitar.atanasov/Desktop/Repos/fortune-client
42 error Darwin 16.5.0
43 error argv "/Users/dimitar.atanasov/.nvm/versions/node/v6.11.2/bin/node" "/Users/dimitar.atanasov/.nvm/versions/node/v6.11.2/bin/npm" "install" "fortune-client" "--save"
44 error node v6.11.2
45 error npm  v3.10.10
46 error code ENOSELF
47 error Refusing to install fortune-client as a dependency of itself
48 error If you need help, you may report this error at:
48 error     <https://github.com/npm/npm/issues>
49 verbose exit [ 1, true ]
